[2025-08-23 23:07:24] -------------------------------------------------------
[2025-08-23 23:07:24] data preparation Pipeline started for 3. Raw Data Storage\HuggingFace\2025\08\23\customer_churn_dataset.csv
[2025-08-23 23:07:24] Loaded CSV with shape (7043, 21)
[2025-08-23 23:07:24] Starting data cleaning
[2025-08-23 23:07:24] Data cleaning completed successfully
[2025-08-23 23:07:24] Pipeline failed: Cannot save file into a non-existent directory: '5. Data Preparation\HuggingFace\2025\08\23'
[2025-08-23 23:09:08] -------------------------------------------------------
[2025-08-23 23:09:08] data preparation Pipeline started for 3. Raw Data Storage\HuggingFace\2025\08\23\customer_churn_dataset.csv
[2025-08-23 23:09:09] Loaded CSV with shape (7043, 21)
[2025-08-23 23:09:09] Starting data cleaning
[2025-08-23 23:09:09] Data cleaning completed successfully
[2025-08-23 23:09:09] Cleaned CSV saved to 5. Data Preparation\HuggingFace\2025\08\23\cleaned_churn_dataset.csv
[2025-08-23 23:09:09] Pipeline completed successfully
[2025-08-23 23:09:09] -------------------------------------------------------
[2025-08-23 23:09:09] data preparation Pipeline started for 3. Raw Data Storage\Kaggle\2025\08\23\customer_churn_dataset.csv
[2025-08-23 23:09:09] Loaded CSV with shape (7043, 21)
[2025-08-23 23:09:09] Starting data cleaning
[2025-08-23 23:09:09] Data cleaning completed successfully
[2025-08-23 23:09:09] Cleaned CSV saved to 5. Data Preparation\Kaggle\2025\08\23\cleaned_churn_dataset.csv
[2025-08-23 23:09:09] Pipeline completed successfully
[2025-08-24 11:25:47] -------------------------------------------------------
[2025-08-24 11:25:47] data preparation Pipeline started for 3. Raw Data Storage\HuggingFace\2025\08\24\customer_churn_dataset.csv
[2025-08-24 11:25:47] Loaded CSV with shape (4500, 21)
[2025-08-24 11:25:47] Starting data cleaning
[2025-08-24 11:25:47] Data cleaning completed successfully
[2025-08-24 11:25:47] Cleaned CSV saved to 5. Data Preparation\HuggingFace\2025\08\24\cleaned_churn_dataset.csv
[2025-08-24 11:25:47] Pipeline completed successfully
[2025-08-24 11:25:47] -------------------------------------------------------
[2025-08-24 11:25:47] data preparation Pipeline started for 3. Raw Data Storage\Kaggle\2025\08\24\customer_churn_dataset.csv
[2025-08-24 11:25:47] Loaded CSV with shape (7043, 21)
[2025-08-24 11:25:47] Starting data cleaning
[2025-08-24 11:25:47] Data cleaning completed successfully
[2025-08-24 11:25:47] Cleaned CSV saved to 5. Data Preparation\Kaggle\2025\08\24\cleaned_churn_dataset.csv
[2025-08-24 11:25:47] Pipeline completed successfully
[2025-08-24 22:36:41] -------------------------------------------------------
[2025-08-24 22:36:41] data preparation Pipeline started for 3. Raw Data Storage\HuggingFace\2025\08\24\customer_churn_dataset.csv
[2025-08-24 22:36:41] Loaded CSV with shape (5000, 21)
[2025-08-24 22:36:41] Starting data cleaning
[2025-08-24 22:36:41] Data cleaning completed successfully
[2025-08-24 22:36:41] Cleaned CSV saved to data_preparation\HuggingFace\2025\08\24\cleaned_churn_dataset.csv
[2025-08-24 22:36:41] Pipeline completed successfully
[2025-08-24 22:36:41] -------------------------------------------------------
[2025-08-24 22:36:41] data preparation Pipeline started for 3. Raw Data Storage\Kaggle\2025\08\24\customer_churn_dataset.csv
[2025-08-24 22:36:41] Loaded CSV with shape (7043, 21)
[2025-08-24 22:36:41] Starting data cleaning
[2025-08-24 22:36:41] Data cleaning completed successfully
[2025-08-24 22:36:41] Cleaned CSV saved to data_preparation\Kaggle\2025\08\24\cleaned_churn_dataset.csv
[2025-08-24 22:36:41] Pipeline completed successfully
[2025-08-24 22:45:03] -------------------------------------------------------
[2025-08-24 22:45:03] data preparation Pipeline started for 3. Raw Data Storage\HuggingFace\2025\08\24\customer_churn_dataset.csv
[2025-08-24 22:45:03] Loaded CSV with shape (5000, 21)
[2025-08-24 22:45:03] Starting data cleaning
[2025-08-24 22:45:03] Data cleaning completed successfully
[2025-08-24 22:45:03] Cleaned CSV saved to data_preparation\HuggingFace\2025\08\24\cleaned_churn_dataset.csv
[2025-08-24 22:45:03] Pipeline completed successfully
[2025-08-24 22:45:03] -------------------------------------------------------
[2025-08-24 22:45:03] data preparation Pipeline started for 3. Raw Data Storage\Kaggle\2025\08\24\customer_churn_dataset.csv
[2025-08-24 22:45:03] Loaded CSV with shape (7043, 21)
[2025-08-24 22:45:03] Starting data cleaning
[2025-08-24 22:45:03] Data cleaning completed successfully
[2025-08-24 22:45:03] Cleaned CSV saved to data_preparation\Kaggle\2025\08\24\cleaned_churn_dataset.csv
[2025-08-24 22:45:03] Pipeline completed successfully
[2025-08-24 22:47:06] -------------------------------------------------------
[2025-08-24 22:47:06] data preparation Pipeline started for 3. Raw Data Storage\HuggingFace\2025\08\24\customer_churn_dataset.csv
[2025-08-24 22:47:06] Loaded CSV with shape (5000, 21)
[2025-08-24 22:47:06] Starting data cleaning
[2025-08-24 22:47:06] Data cleaning completed successfully
[2025-08-24 22:47:06] Cleaned CSV saved to data_preparation\HuggingFace\2025\08\24\cleaned_churn_dataset.csv
[2025-08-24 22:47:06] Pipeline completed successfully
[2025-08-24 22:47:06] -------------------------------------------------------
[2025-08-24 22:47:06] data preparation Pipeline started for 3. Raw Data Storage\Kaggle\2025\08\24\customer_churn_dataset.csv
[2025-08-24 22:47:06] Loaded CSV with shape (7043, 21)
[2025-08-24 22:47:06] Starting data cleaning
[2025-08-24 22:47:06] Data cleaning completed successfully
[2025-08-24 22:47:07] Cleaned CSV saved to data_preparation\Kaggle\2025\08\24\cleaned_churn_dataset.csv
[2025-08-24 22:47:07] Pipeline completed successfully
[2025-08-24 22:54:52] -------------------------------------------------------
[2025-08-24 22:54:52] data preparation Pipeline started for 3. Raw Data Storage\HuggingFace\2025\08\24\customer_churn_dataset.csv
[2025-08-24 22:54:52] Loaded CSV with shape (5000, 21)
[2025-08-24 22:54:52] Starting data cleaning
[2025-08-24 22:54:52] Data cleaning completed successfully
[2025-08-24 22:54:52] Cleaned CSV saved to data_preparation\HuggingFace\2025\08\24\cleaned_churn_dataset.csv
[2025-08-24 22:54:52] Pipeline completed successfully
[2025-08-24 22:54:52] -------------------------------------------------------
[2025-08-24 22:54:52] data preparation Pipeline started for 3. Raw Data Storage\Kaggle\2025\08\24\customer_churn_dataset.csv
[2025-08-24 22:54:53] Loaded CSV with shape (7043, 21)
[2025-08-24 22:54:53] Starting data cleaning
[2025-08-24 22:54:53] Data cleaning completed successfully
[2025-08-24 22:54:53] Cleaned CSV saved to data_preparation\Kaggle\2025\08\24\cleaned_churn_dataset.csv
[2025-08-24 22:54:53] Pipeline completed successfully
[2025-08-24 22:55:39] -------------------------------------------------------
[2025-08-24 22:55:39] data preparation Pipeline started for 3. Raw Data Storage\HuggingFace\2025\08\24\customer_churn_dataset.csv
[2025-08-24 22:55:39] Loaded CSV with shape (5000, 21)
[2025-08-24 22:55:39] Starting data cleaning
[2025-08-24 22:55:39] Data cleaning completed successfully
[2025-08-24 22:55:39] Cleaned CSV saved to data_preparation\HuggingFace\2025\08\24\cleaned_churn_dataset.csv
[2025-08-24 22:55:39] Pipeline completed successfully
[2025-08-24 22:55:39] -------------------------------------------------------
[2025-08-24 22:55:39] data preparation Pipeline started for 3. Raw Data Storage\Kaggle\2025\08\24\customer_churn_dataset.csv
[2025-08-24 22:55:39] Loaded CSV with shape (7043, 21)
[2025-08-24 22:55:39] Starting data cleaning
[2025-08-24 22:55:39] Data cleaning completed successfully
[2025-08-24 22:55:39] Cleaned CSV saved to data_preparation\Kaggle\2025\08\24\cleaned_churn_dataset.csv
[2025-08-24 22:55:39] Pipeline completed successfully
