[2025-08-23 00:26:31] --------------------------- Kaggle -------------------------------------------
[2025-08-23 00:26:34] Kaggle churn CSV saved at: 3. Raw Data Storage\Kaggle\2025\08\23\WA_Fn-UseC_-Telco-Customer-Churn.csv
[2025-08-23 00:26:34] --------------------------- Hugging Face -------------------------------------
[2025-08-23 00:27:21] Hugging Face churn CSV saved at: 3. Raw Data Storage\HuggingFace\2025\08\23\telco_customer_churn_full.csv
[2025-08-23 00:49:02] --------------------------- Kaggle -------------------------------------------
[2025-08-23 00:49:02] Starting download for dataset: blastchar/telco-customer-churn
[2025-08-23 00:49:06] Downloaded ZIP file to 3. Raw Data Storage\Kaggle\2025\08\23\dataset.zip
[2025-08-23 00:49:06] CSV extracted and saved at 3. Raw Data Storage\Kaggle\2025\08\23\WA_Fn-UseC_-Telco-Customer-Churn.csv
[2025-08-23 00:49:06] Kaggle churn CSV saved at: 3. Raw Data Storage\Kaggle\2025\08\23\WA_Fn-UseC_-Telco-Customer-Churn.csv
[2025-08-23 00:49:06] --------------------------- Hugging Face -------------------------------------
[2025-08-23 00:49:06] Downloaded 100 rows so far...
[2025-08-23 00:49:07] Downloaded 200 rows so far...
[2025-08-23 00:49:08] Downloaded 300 rows so far...
[2025-08-23 00:49:08] Downloaded 400 rows so far...
[2025-08-23 00:49:09] Downloaded 500 rows so far...
[2025-08-23 00:49:10] Downloaded 600 rows so far...
[2025-08-23 00:49:10] Downloaded 700 rows so far...
[2025-08-23 00:49:11] Downloaded 800 rows so far...
[2025-08-23 00:49:12] Downloaded 900 rows so far...
[2025-08-23 00:49:13] Downloaded 1000 rows so far...
[2025-08-23 00:49:14] Downloaded 1100 rows so far...
[2025-08-23 00:49:15] Downloaded 1200 rows so far...
[2025-08-23 00:49:16] Downloaded 1300 rows so far...
[2025-08-23 00:49:17] Downloaded 1400 rows so far...
[2025-08-23 00:49:17] Downloaded 1500 rows so far...
[2025-08-23 00:49:18] Downloaded 1600 rows so far...
[2025-08-23 00:49:19] Downloaded 1700 rows so far...
[2025-08-23 00:49:19] Downloaded 1800 rows so far...
[2025-08-23 00:49:20] Downloaded 1900 rows so far...
[2025-08-23 00:49:21] Downloaded 2000 rows so far...
[2025-08-23 00:49:22] Downloaded 2100 rows so far...
[2025-08-23 00:49:23] Downloaded 2200 rows so far...
[2025-08-23 00:49:23] Downloaded 2300 rows so far...
[2025-08-23 00:49:24] Downloaded 2400 rows so far...
[2025-08-23 00:49:25] Downloaded 2500 rows so far...
[2025-08-23 00:49:26] Downloaded 2600 rows so far...
[2025-08-23 00:49:26] Downloaded 2700 rows so far...
[2025-08-23 00:49:27] Downloaded 2800 rows so far...
[2025-08-23 00:49:28] Downloaded 2900 rows so far...
[2025-08-23 00:49:29] Downloaded 3000 rows so far...
[2025-08-23 00:49:29] Downloaded 3100 rows so far...
[2025-08-23 00:49:30] Downloaded 3200 rows so far...
[2025-08-23 00:49:31] Downloaded 3300 rows so far...
[2025-08-23 00:49:31] Downloaded 3400 rows so far...
[2025-08-23 00:49:32] Downloaded 3500 rows so far...
[2025-08-23 00:49:33] Downloaded 3600 rows so far...
[2025-08-23 00:49:34] Downloaded 3700 rows so far...
[2025-08-23 00:49:35] Downloaded 3800 rows so far...
[2025-08-23 00:49:35] Downloaded 3900 rows so far...
[2025-08-23 00:49:36] Downloaded 4000 rows so far...
[2025-08-23 00:49:37] Downloaded 4100 rows so far...
[2025-08-23 00:49:38] Downloaded 4200 rows so far...
[2025-08-23 00:49:38] Downloaded 4225 rows so far...
[2025-08-23 00:49:40] Download complete! Total rows: 4225. Saved to 3. Raw Data Storage\HuggingFace\2025\08\23\telco_customer_churn_full.csv
[2025-08-23 00:49:40] Hugging Face churn CSV saved at: 3. Raw Data Storage\HuggingFace\2025\08\23\telco_customer_churn_full.csv
[2025-08-23 01:11:20] --------------------------- Kaggle -------------------------------------------
[2025-08-23 01:11:20] Starting download for dataset: blastchar/telco-customer-churn
[2025-08-23 01:11:22] Downloaded ZIP file to 3. Raw Data Storage\Kaggle\2025\08\23\dataset.zip
[2025-08-23 01:11:22] CSV extracted and saved at 3. Raw Data Storage\Kaggle\2025\08\23\WA_Fn-UseC_-Telco-Customer-Churn.csv
[2025-08-23 01:11:22] Kaggle churn CSV saved at: customer_churn_dataset.csv
[2025-08-23 01:11:22] --------------------------- Hugging Face -------------------------------------
[2025-08-23 01:12:15] Error: HTTP 429
[2025-08-23 01:12:15] Download complete! Total rows: 5000. Saved to 3. Raw Data Storage\HuggingFace\2025\08\23\customer_churn_dataset.csv
[2025-08-23 01:12:15] Hugging Face churn CSV saved at: 3. Raw Data Storage\HuggingFace\2025\08\23\customer_churn_dataset.csv
[2025-08-23 01:13:48] --------------------------- Kaggle -------------------------------------------
[2025-08-23 01:13:48] Starting download for dataset: blastchar/telco-customer-churn
[2025-08-23 01:13:51] Downloaded ZIP file to 3. Raw Data Storage\Kaggle\2025\08\23\dataset.zip
[2025-08-23 01:13:51] CSV extracted and saved at 3. Raw Data Storage\Kaggle\2025\08\23\WA_Fn-UseC_-Telco-Customer-Churn.csv
[2025-08-23 01:13:51] Kaggle churn CSV saved at: customer_churn_dataset.csv
[2025-08-23 01:13:51] --------------------------- Hugging Face -------------------------------------
[2025-08-23 01:17:25] Error: HTTP 429
[2025-08-23 01:17:25] Download complete! Total rows: 7043. Saved to 3. Raw Data Storage\HuggingFace\2025\08\23\customer_churn_dataset.csv
[2025-08-23 01:17:25] Hugging Face churn CSV saved at: 3. Raw Data Storage\HuggingFace\2025\08\23\customer_churn_dataset.csv
[2025-08-23 16:00:02] Pipeline started for ..\3. Raw Data Storage\HuggingFace\2025\08\23\customer_churn_dataset.csv
[2025-08-23 16:00:02] Pipeline failed: [Errno 2] No such file or directory: '..\\3. Raw Data Storage\\HuggingFace\\2025\\08\\23\\customer_churn_dataset.csv'
[2025-08-23 16:00:27] Pipeline started for 3. Raw Data Storage\HuggingFace\2025\08\23\customer_churn_dataset.csv
[2025-08-23 16:00:27] Loaded CSV with shape (7043, 21)
[2025-08-23 16:00:27] Starting data validation
[2025-08-23 16:00:27] Validation failed: No module named 'openpyxl'
[2025-08-23 16:00:27] Pipeline failed: No module named 'openpyxl'
[2025-08-24 11:22:17] --------------------------- Kaggle -------------------------------------------
[2025-08-24 11:22:17] Starting download for dataset: blastchar/telco-customer-churn
[2025-08-24 11:22:20] Downloaded ZIP file to 3. Raw Data Storage\Kaggle\2025\08\24\dataset.zip
[2025-08-24 11:22:20] CSV extracted and saved at 3. Raw Data Storage\Kaggle\2025\08\24\WA_Fn-UseC_-Telco-Customer-Churn.csv
[2025-08-24 11:22:20] Kaggle churn CSV saved at: customer_churn_dataset.csv
[2025-08-24 11:22:20] --------------------------- Hugging Face -------------------------------------
[2025-08-24 11:23:00] Error: HTTP 429
[2025-08-24 11:23:00] Download complete! Total rows: 4500. Saved to 3. Raw Data Storage\HuggingFace\2025\08\24\customer_churn_dataset.csv
[2025-08-24 11:23:00] Hugging Face churn CSV saved at: 3. Raw Data Storage\HuggingFace\2025\08\24\customer_churn_dataset.csv
[2025-08-24 22:08:54] --------------------------- Kaggle -------------------------------------------
[2025-08-24 22:08:54] Starting download for dataset: blastchar/telco-customer-churn
[2025-08-24 22:08:56] Downloaded ZIP file to 3. Raw Data Storage\Kaggle\2025\08\24\dataset.zip
[2025-08-24 22:08:56] CSV extracted and saved at 3. Raw Data Storage\Kaggle\2025\08\24\customer_churn_dataset.csv
[2025-08-24 22:08:56] Kaggle churn CSV saved at: customer_churn_dataset.csv
[2025-08-24 22:08:56] --------------------------- Hugging Face -------------------------------------
[2025-08-24 22:09:30] Error: HTTP 429
[2025-08-24 22:09:30] Download complete! Total rows: 4900. Saved to 3. Raw Data Storage\HuggingFace\2025\08\24\customer_churn_dataset.csv
[2025-08-24 22:09:30] Hugging Face churn CSV saved at: 3. Raw Data Storage\HuggingFace\2025\08\24\customer_churn_dataset.csv
[2025-08-24 22:09:43] --------------------------- Kaggle -------------------------------------------
[2025-08-24 22:09:43] Starting download for dataset: blastchar/telco-customer-churn
[2025-08-24 22:09:46] Downloaded ZIP file to 3. Raw Data Storage\Kaggle\2025\08\24\dataset.zip
[2025-08-24 22:09:46] CSV extracted and saved at 3. Raw Data Storage\Kaggle\2025\08\24\customer_churn_dataset.csv
[2025-08-24 22:09:46] Kaggle churn CSV saved at: customer_churn_dataset.csv
[2025-08-24 22:09:46] --------------------------- Hugging Face -------------------------------------
[2025-08-24 22:09:46] Error: HTTP 429
[2025-08-24 22:09:46] No data downloaded.
[2025-08-24 22:09:46] Hugging Face churn CSV saved at: None
